<?xml version="1.0" encoding="UTF-8"?>
<testsuite name="storage_engine.SlottedPageFormatterTest" tests="4" skipped="0" failures="0" errors="0" timestamp="2026-07-15T10:14:44" hostname="KHANGCUTEE" time="0.019">
  <properties/>
  <testcase name="testCase5_PageOverflowPrevention_ShouldReject()" classname="storage_engine.SlottedPageFormatterTest" time="0.013"/>
  <testcase name="testCase3_And_Case4_InsertAndReadRecord_Success()" classname="storage_engine.SlottedPageFormatterTest" time="0.001"/>
  <testcase name="testCase2_CheckAvailableSpace_Success()" classname="storage_engine.SlottedPageFormatterTest" time="0.001"/>
  <testcase name="testCase1_WriteHeaderAndInitialization_Success()" classname="storage_engine.SlottedPageFormatterTest" time="0.0"/>
  <system-out><![CDATA[]]></system-out>
  <system-err><![CDATA[]]></system-err>
</testsuite>
